Arguments: 
  C:\Program Files\nodejs\node.exe C:\Users\kung fury\AppData\Roaming\npm\node_modules\yarn\bin\yarn.js run watch:sass

PATH: 
  N:\Portfolio_sites\Natours\node_modules\.bin;C:\Users\kung fury\AppData\Local\Yarn\Data\link\node_modules\.bin;N:\Portfolio_sites\Natours\node_modules\.bin;C:\Users\kung fury\AppData\Local\Yarn\Data\link\node_modules\.bin;C:\Users\kung fury\AppData\Local\Yarn\bin;C:\Program Files\libexec\lib\node_modules\npm\bin\node-gyp-bin;C:\Program Files\lib\node_modules\npm\bin\node-gyp-bin;C:\Program Files\nodejs\node_modules\npm\bin\node-gyp-bin;C:\Users\kung fury\bin;C:\Program Files (x86)\Git\mingw32\bin;C:\Program Files (x86)\Git\usr\local\bin;C:\Program Files (x86)\Git\usr\bin;C:\Program Files (x86)\Git\usr\bin;C:\Program Files (x86)\Git\mingw32\bin;C:\Program Files (x86)\Git\usr\bin;C:\Users\kung fury\bin;C:\Windows\system32;C:\Windows;C:\Windows\System32\Wbem;C:\Windows\System32\WindowsPowerShell\v1.0;C:\Program Files (x86)\Git\cmd;C:\Program Files\nodejs;C:\Users\kung fury\AppData\Local\Microsoft\WindowsApps;C:\Program Files\Microsoft VS Code\bin;C:\Users\kung fury\AppData\Roaming\npm;C:\Program Files (x86)\Git\usr\bin\vendor_perl;C:\Program Files (x86)\Git\usr\bin\core_perl

Yarn version: 
  1.5.1

Node version: 
  8.10.0

Platform: 
  win32 x64

npm manifest: 
  {
    "name": "natours",
    "version": "1.0.0",
    "description": "Natours | Exciting tours for adventurous people",
    "main": "index.js",
    "scripts": {
      "watch:sass": "node-sass sass/main.scss css/style.css -w",
      "devserver": "live-server",
      "start": "npm-run-all --parallel devserver watch:sass",
      "compile:sass": "node-sass sass/main.scss css/style.comp.css",
      "concat:css": "concat -o css/style.concat.css css/icon-font.css css/style.comp.css",
      "prefix:css": "postcss --use autoprefixer -b 'last 10 versions' style.concat.css -o css/style.prefix.css",
      "compress:css": "node-sass css/style.prefix.css css/style.css --ooutput-style compressed",
      "build:css": "npm-run-all compile:sass concat:css prefix:css compress:css build:css"
    },
    "author": "Nazz Tech",
    "license": "ISC",
    "devDependencies": {
      "autoprefixer": "^8.1.0",
      "concat": "^1.0.3",
      "node-sass": "^4.7.2",
      "postcss-cli": "^5.0.0",
      "npm-run-all": "^4.1.2"
    }
  }

yarn manifest: 
  No manifest

Lockfile: 
  No lockfile

Trace: 
  Error: Command failed.
  Exit code: 1073807364
  Command: C:\Windows\system32\cmd.exe
  Arguments: /d /s /c node-sass sass/main.scss css/style.css -w
  Directory: N:\Portfolio_sites\Natours
  Output:
  
      at ProcessTermError.MessageError (C:\Users\kung fury\AppData\Roaming\npm\node_modules\yarn\lib\cli.js:186:110)
      at new ProcessTermError (C:\Users\kung fury\AppData\Roaming\npm\node_modules\yarn\lib\cli.js:226:113)
      at ChildProcess.<anonymous> (C:\Users\kung fury\AppData\Roaming\npm\node_modules\yarn\lib\cli.js:30281:17)
      at emitTwo (events.js:126:13)
      at ChildProcess.emit (events.js:214:7)
      at maybeClose (internal/child_process.js:925:16)
      at Process.ChildProcess._handle.onexit (internal/child_process.js:209:5)
